<?xml version="1.0" encoding="UTF-8"?>
<!-- Generated by org.testng.reporters.JUnitReportReporter -->
<testsuite skipped="0" hostname="BlrIS-AmbhrajY" name="com.healthie.testcase.LandingTest" tests="1" failures="0" timestamp="19 Dec 2018 09:46:50 GMT" time="19.160" errors="0">
  <testcase name="goToLogin" time="19.160" classname="com.healthie.testcase.LandingTest"/>
</testsuite> <!-- com.healthie.testcase.LandingTest -->
