<?xml version="1.0" encoding="UTF-8"?>
<!-- Generated by org.testng.reporters.JUnitReportReporter -->
<testsuite skipped="0" hostname="BlrIS-AmbhrajY" name="com.healthie.testcase.LoginTest" tests="1" failures="0" timestamp="19 Dec 2018 10:57:27 GMT" time="15.566" errors="0">
  <testcase name="doToLogin" time="15.566" classname="com.healthie.testcase.LoginTest"/>
</testsuite> <!-- com.healthie.testcase.LoginTest -->
